nohup: ignoring input
\n\n\n
Hela_m6A-seq_shCont_input_rep2.fastq

[2017-12-08 20:26:04] Beginning TopHat run (v2.1.1)
-----------------------------------------------
[2017-12-08 20:26:04] Checking for Bowtie
		  Bowtie version:	 2.3.2.0
[2017-12-08 20:26:04] Checking for Bowtie index files (genome)..
[2017-12-08 20:26:04] Checking for reference FASTA file
	Warning: Could not find FASTA file /public/genomes/human/hg19/bowtie2Index_UCSC/hg19.fa
[2017-12-08 20:26:04] Reconstituting reference FASTA file from Bowtie index
  Executing: /public/zhoukr/softwares/bowtie2-legacy/bowtie2-inspect /public/genomes/human/hg19/bowtie2Index_UCSC/hg19 > /data/zhoukr/hhl_setd2_m6a/Hela_m6A-seq/shCont/input_rep2//tmp/hg19.fa
[2017-12-08 20:28:58] Generating SAM header for /public/genomes/human/hg19/bowtie2Index_UCSC/hg19
[2017-12-08 20:29:01] Reading known junctions from GTF file
[2017-12-08 20:29:52] Preparing reads
	 left reads: min. length=50, max. length=50, 36908860 kept reads (18197 discarded)
[2017-12-08 20:37:09] Building transcriptome data files /data/zhoukr/hhl_setd2_m6a/Hela_m6A-seq/shCont/input_rep2//tmp/gencode.v24lift37.annotation
[2017-12-08 20:38:25] Building Bowtie index from gencode.v24lift37.annotation.fa
[2017-12-08 21:54:59] Mapping left_kept_reads to transcriptome gencode.v24lift37.annotation with Bowtie2 
[2017-12-08 23:40:54] Resuming TopHat pipeline with unmapped reads
[2017-12-08 23:40:54] Mapping left_kept_reads.m2g_um to genome hg19 with Bowtie2 
[2017-12-08 23:46:28] Mapping left_kept_reads.m2g_um_seg1 to genome hg19 with Bowtie2 (1/2)
[2017-12-08 23:48:02] Mapping left_kept_reads.m2g_um_seg2 to genome hg19 with Bowtie2 (2/2)
[2017-12-08 23:49:41] Searching for junctions via segment mapping
	Coverage-search algorithm is turned on, making this step very slow
	Please try running TopHat again with the option (--no-coverage-search) if this step takes too much time or memory.
[2017-12-08 23:57:22] Retrieving sequences for splices
[2017-12-08 23:59:22] Indexing splices
Building a SMALL index
[2017-12-09 00:00:06] Mapping left_kept_reads.m2g_um_seg1 to genome segment_juncs with Bowtie2 (1/2)
[2017-12-09 00:00:44] Mapping left_kept_reads.m2g_um_seg2 to genome segment_juncs with Bowtie2 (2/2)
[2017-12-09 00:01:24] Joining segment hits
[2017-12-09 00:03:58] Reporting output tracks
-----------------------------------------------
[2017-12-09 00:31:53] A summary of the alignment counts can be found in /data/zhoukr/hhl_setd2_m6a/Hela_m6A-seq/shCont/input_rep2//align_summary.txt
[2017-12-09 00:31:53] Run complete: 04:05:49 elapsed
