nohup: ignoring input
\n\n\n
Hela_m6A-seq_shCont_input_rep3.fastq

[2017-09-13 09:05:11] Beginning TopHat run (v2.1.1)
-----------------------------------------------
[2017-09-13 09:05:11] Checking for Bowtie
		  Bowtie version:	 2.3.2.0
[2017-09-13 09:05:11] Checking for Bowtie index files (genome)..
[2017-09-13 09:05:11] Checking for reference FASTA file
	Warning: Could not find FASTA file /public/genomes/human/hg19/bowtie2Index_UCSC/hg19.fa
[2017-09-13 09:05:11] Reconstituting reference FASTA file from Bowtie index
  Executing: /public/zhoukr/softwares/bowtie2-legacy/bowtie2-inspect /public/genomes/human/hg19/bowtie2Index_UCSC/hg19 > /data/zhoukr/hhl_setd2_m6a/Hela_m6A-seq/shCont/input_rep3//tmp/hg19.fa
[2017-09-13 09:09:31] Generating SAM header for /public/genomes/human/hg19/bowtie2Index_UCSC/hg19
[2017-09-13 09:09:41] Reading known junctions from GTF file
[2017-09-13 09:10:52] Preparing reads
	 left reads: min. length=50, max. length=50, 49727648 kept reads (6212 discarded)
[2017-09-13 09:26:44] Building transcriptome data files /data/zhoukr/hhl_setd2_m6a/Hela_m6A-seq/shCont/input_rep3//tmp/gencode.v24lift37.annotation
[2017-09-13 09:34:10] Building Bowtie index from gencode.v24lift37.annotation.fa
[2017-09-13 10:27:15] Mapping left_kept_reads to transcriptome gencode.v24lift37.annotation with Bowtie2 
[2017-09-13 13:12:06] Resuming TopHat pipeline with unmapped reads
[2017-09-13 13:12:06] Mapping left_kept_reads.m2g_um to genome hg19 with Bowtie2 
[2017-09-13 13:24:21] Mapping left_kept_reads.m2g_um_seg1 to genome hg19 with Bowtie2 (1/2)
[2017-09-13 13:27:05] Mapping left_kept_reads.m2g_um_seg2 to genome hg19 with Bowtie2 (2/2)
[2017-09-13 13:30:05] Searching for junctions via segment mapping
	Coverage-search algorithm is turned on, making this step very slow
	Please try running TopHat again with the option (--no-coverage-search) if this step takes too much time or memory.
[2017-09-13 13:43:30] Retrieving sequences for splices
[2017-09-13 13:46:43] Indexing splices
Building a SMALL index
[2017-09-13 13:48:54] Mapping left_kept_reads.m2g_um_seg1 to genome segment_juncs with Bowtie2 (1/2)
[2017-09-13 13:49:53] Mapping left_kept_reads.m2g_um_seg2 to genome segment_juncs with Bowtie2 (2/2)
[2017-09-13 13:50:54] Joining segment hits
[2017-09-13 13:54:02] Reporting output tracks
-----------------------------------------------
[2017-09-13 14:40:11] A summary of the alignment counts can be found in /data/zhoukr/hhl_setd2_m6a/Hela_m6A-seq/shCont/input_rep3//align_summary.txt
[2017-09-13 14:40:11] Run complete: 05:34:59 elapsed
