nohup: ignoring input
\n\n\n
Hela_m6A-seq_shSetD2_IP_rep2.fastq

[2017-09-13 09:05:12] Beginning TopHat run (v2.1.1)
-----------------------------------------------
[2017-09-13 09:05:12] Checking for Bowtie
		  Bowtie version:	 2.3.2.0
[2017-09-13 09:05:12] Checking for Bowtie index files (genome)..
[2017-09-13 09:05:12] Checking for reference FASTA file
	Warning: Could not find FASTA file /public/genomes/human/hg19/bowtie2Index_UCSC/hg19.fa
[2017-09-13 09:05:12] Reconstituting reference FASTA file from Bowtie index
  Executing: /public/zhoukr/softwares/bowtie2-legacy/bowtie2-inspect /public/genomes/human/hg19/bowtie2Index_UCSC/hg19 > /data/zhoukr/hhl_setd2_m6a/Hela_m6A-seq/shSetD2/IP_rep2//tmp/hg19.fa
[2017-09-13 09:09:52] Generating SAM header for /public/genomes/human/hg19/bowtie2Index_UCSC/hg19
[2017-09-13 09:09:55] Reading known junctions from GTF file
[2017-09-13 09:11:01] Preparing reads
	 left reads: min. length=50, max. length=50, 27595237 kept reads (4969 discarded)
[2017-09-13 09:18:24] Building transcriptome data files /data/zhoukr/hhl_setd2_m6a/Hela_m6A-seq/shSetD2/IP_rep2//tmp/gencode.v24lift37.annotation
[2017-09-13 09:28:49] Building Bowtie index from gencode.v24lift37.annotation.fa
[2017-09-13 10:17:19] Mapping left_kept_reads to transcriptome gencode.v24lift37.annotation with Bowtie2 
[2017-09-13 11:53:29] Resuming TopHat pipeline with unmapped reads
[2017-09-13 11:53:29] Mapping left_kept_reads.m2g_um to genome hg19 with Bowtie2 
[2017-09-13 12:01:54] Mapping left_kept_reads.m2g_um_seg1 to genome hg19 with Bowtie2 (1/2)
[2017-09-13 12:02:57] Mapping left_kept_reads.m2g_um_seg2 to genome hg19 with Bowtie2 (2/2)
[2017-09-13 12:03:53] Searching for junctions via segment mapping
	Coverage-search algorithm is turned on, making this step very slow
	Please try running TopHat again with the option (--no-coverage-search) if this step takes too much time or memory.
[2017-09-13 12:14:23] Retrieving sequences for splices
[2017-09-13 12:18:25] Indexing splices
Building a SMALL index
[2017-09-13 12:19:59] Mapping left_kept_reads.m2g_um_seg1 to genome segment_juncs with Bowtie2 (1/2)
[2017-09-13 12:20:25] Mapping left_kept_reads.m2g_um_seg2 to genome segment_juncs with Bowtie2 (2/2)
[2017-09-13 12:20:53] Joining segment hits
[2017-09-13 12:25:23] Reporting output tracks
-----------------------------------------------
[2017-09-13 13:03:11] A summary of the alignment counts can be found in /data/zhoukr/hhl_setd2_m6a/Hela_m6A-seq/shSetD2/IP_rep2//align_summary.txt
[2017-09-13 13:03:11] Run complete: 03:57:59 elapsed
