nohup: ignoring input
\n\n\n
Hela_m6A-seq_shSetD2_input_rep2.fastq

[2017-09-13 09:05:12] Beginning TopHat run (v2.1.1)
-----------------------------------------------
[2017-09-13 09:05:12] Checking for Bowtie
		  Bowtie version:	 2.3.2.0
[2017-09-13 09:05:12] Checking for Bowtie index files (genome)..
[2017-09-13 09:05:12] Checking for reference FASTA file
	Warning: Could not find FASTA file /public/genomes/human/hg19/bowtie2Index_UCSC/hg19.fa
[2017-09-13 09:05:12] Reconstituting reference FASTA file from Bowtie index
  Executing: /public/zhoukr/softwares/bowtie2-legacy/bowtie2-inspect /public/genomes/human/hg19/bowtie2Index_UCSC/hg19 > /data/zhoukr/hhl_setd2_m6a/Hela_m6A-seq/shSetD2/input_rep2//tmp/hg19.fa
[2017-09-13 09:10:04] Generating SAM header for /public/genomes/human/hg19/bowtie2Index_UCSC/hg19
[2017-09-13 09:10:08] Reading known junctions from GTF file
[2017-09-13 09:11:05] Preparing reads
	 left reads: min. length=50, max. length=50, 19959207 kept reads (6480 discarded)
[2017-09-13 09:15:54] Building transcriptome data files /data/zhoukr/hhl_setd2_m6a/Hela_m6A-seq/shSetD2/input_rep2//tmp/gencode.v24lift37.annotation
[2017-09-13 09:23:51] Building Bowtie index from gencode.v24lift37.annotation.fa
[2017-09-13 10:14:19] Mapping left_kept_reads to transcriptome gencode.v24lift37.annotation with Bowtie2 
[2017-09-13 11:32:35] Resuming TopHat pipeline with unmapped reads
[2017-09-13 11:32:36] Mapping left_kept_reads.m2g_um to genome hg19 with Bowtie2 
[2017-09-13 11:45:15] Mapping left_kept_reads.m2g_um_seg1 to genome hg19 with Bowtie2 (1/2)
[2017-09-13 11:50:40] Mapping left_kept_reads.m2g_um_seg2 to genome hg19 with Bowtie2 (2/2)
[2017-09-13 11:55:42] Searching for junctions via segment mapping
	Coverage-search algorithm is turned on, making this step very slow
	Please try running TopHat again with the option (--no-coverage-search) if this step takes too much time or memory.
[2017-09-13 12:06:18] Retrieving sequences for splices
[2017-09-13 12:10:34] Indexing splices
Building a SMALL index
[2017-09-13 12:12:08] Mapping left_kept_reads.m2g_um_seg1 to genome segment_juncs with Bowtie2 (1/2)
[2017-09-13 12:13:37] Mapping left_kept_reads.m2g_um_seg2 to genome segment_juncs with Bowtie2 (2/2)
[2017-09-13 12:15:12] Joining segment hits
[2017-09-13 12:19:09] Reporting output tracks
-----------------------------------------------
[2017-09-13 12:46:55] A summary of the alignment counts can be found in /data/zhoukr/hhl_setd2_m6a/Hela_m6A-seq/shSetD2/input_rep2//align_summary.txt
[2017-09-13 12:46:55] Run complete: 03:41:43 elapsed
