nohup: ignoring input
\n\n\n
Hela_m6A-seq_shCont_IP_rep1.fastq

[2017-09-13 09:04:37] Beginning TopHat run (v2.1.1)
-----------------------------------------------
[2017-09-13 09:04:37] Checking for Bowtie
		  Bowtie version:	 2.3.2.0
[2017-09-13 09:04:37] Checking for Bowtie index files (genome)..
[2017-09-13 09:04:37] Checking for reference FASTA file
	Warning: Could not find FASTA file /public/genomes/human/hg19/bowtie2Index_UCSC/hg19.fa
[2017-09-13 09:04:37] Reconstituting reference FASTA file from Bowtie index
  Executing: /public/zhoukr/softwares/bowtie2-legacy/bowtie2-inspect /public/genomes/human/hg19/bowtie2Index_UCSC/hg19 > /data/zhoukr/hhl_setd2_m6a/Hela_m6A-seq/shCont/IP_rep1//tmp/hg19.fa
[2017-09-13 09:09:29] Generating SAM header for /public/genomes/human/hg19/bowtie2Index_UCSC/hg19
[2017-09-13 09:09:40] Reading known junctions from GTF file
[2017-09-13 09:10:50] Preparing reads
	 left reads: min. length=50, max. length=50, 33296441 kept reads (56440 discarded)
[2017-09-13 09:19:22] Building transcriptome data files /data/zhoukr/hhl_setd2_m6a/Hela_m6A-seq/shCont/IP_rep1//tmp/gencode.v24lift37.annotation
[2017-09-13 09:30:04] Building Bowtie index from gencode.v24lift37.annotation.fa
[2017-09-13 10:20:43] Mapping left_kept_reads to transcriptome gencode.v24lift37.annotation with Bowtie2 
[2017-09-13 12:20:09] Resuming TopHat pipeline with unmapped reads
[2017-09-13 12:20:10] Mapping left_kept_reads.m2g_um to genome hg19 with Bowtie2 
[2017-09-13 12:32:23] Mapping left_kept_reads.m2g_um_seg1 to genome hg19 with Bowtie2 (1/2)
[2017-09-13 12:35:35] Mapping left_kept_reads.m2g_um_seg2 to genome hg19 with Bowtie2 (2/2)
[2017-09-13 12:38:43] Searching for junctions via segment mapping
	Coverage-search algorithm is turned on, making this step very slow
	Please try running TopHat again with the option (--no-coverage-search) if this step takes too much time or memory.
[2017-09-13 12:50:28] Retrieving sequences for splices
[2017-09-13 12:54:09] Indexing splices
Building a SMALL index
[2017-09-13 12:56:06] Mapping left_kept_reads.m2g_um_seg1 to genome segment_juncs with Bowtie2 (1/2)
[2017-09-13 12:57:46] Mapping left_kept_reads.m2g_um_seg2 to genome segment_juncs with Bowtie2 (2/2)
[2017-09-13 12:59:26] Joining segment hits
[2017-09-13 13:03:47] Reporting output tracks
-----------------------------------------------
[2017-09-13 13:38:29] A summary of the alignment counts can be found in /data/zhoukr/hhl_setd2_m6a/Hela_m6A-seq/shCont/IP_rep1//align_summary.txt
[2017-09-13 13:38:29] Run complete: 04:33:52 elapsed
