Started analysis of HepG2_ChIP-seq_shM14_IP_rep1.fastq
Approx 5% complete for HepG2_ChIP-seq_shM14_IP_rep1.fastq
Approx 10% complete for HepG2_ChIP-seq_shM14_IP_rep1.fastq
Approx 15% complete for HepG2_ChIP-seq_shM14_IP_rep1.fastq
Approx 20% complete for HepG2_ChIP-seq_shM14_IP_rep1.fastq
Approx 25% complete for HepG2_ChIP-seq_shM14_IP_rep1.fastq
Approx 30% complete for HepG2_ChIP-seq_shM14_IP_rep1.fastq
Approx 35% complete for HepG2_ChIP-seq_shM14_IP_rep1.fastq
Approx 40% complete for HepG2_ChIP-seq_shM14_IP_rep1.fastq
Approx 45% complete for HepG2_ChIP-seq_shM14_IP_rep1.fastq
Approx 50% complete for HepG2_ChIP-seq_shM14_IP_rep1.fastq
Approx 55% complete for HepG2_ChIP-seq_shM14_IP_rep1.fastq
Approx 60% complete for HepG2_ChIP-seq_shM14_IP_rep1.fastq
Approx 65% complete for HepG2_ChIP-seq_shM14_IP_rep1.fastq
Approx 70% complete for HepG2_ChIP-seq_shM14_IP_rep1.fastq
Approx 75% complete for HepG2_ChIP-seq_shM14_IP_rep1.fastq
Approx 80% complete for HepG2_ChIP-seq_shM14_IP_rep1.fastq
Approx 85% complete for HepG2_ChIP-seq_shM14_IP_rep1.fastq
Approx 90% complete for HepG2_ChIP-seq_shM14_IP_rep1.fastq
Approx 95% complete for HepG2_ChIP-seq_shM14_IP_rep1.fastq
Analysis complete for HepG2_ChIP-seq_shM14_IP_rep1.fastq
Started analysis of HepG2_ChIP-seq_shSetD2_input_rep2.fastq
Approx 5% complete for HepG2_ChIP-seq_shSetD2_input_rep2.fastq
Approx 10% complete for HepG2_ChIP-seq_shSetD2_input_rep2.fastq
Approx 15% complete for HepG2_ChIP-seq_shSetD2_input_rep2.fastq
Approx 20% complete for HepG2_ChIP-seq_shSetD2_input_rep2.fastq
Approx 25% complete for HepG2_ChIP-seq_shSetD2_input_rep2.fastq
Approx 30% complete for HepG2_ChIP-seq_shSetD2_input_rep2.fastq
Approx 35% complete for HepG2_ChIP-seq_shSetD2_input_rep2.fastq
Approx 40% complete for HepG2_ChIP-seq_shSetD2_input_rep2.fastq
Approx 45% complete for HepG2_ChIP-seq_shSetD2_input_rep2.fastq
Approx 50% complete for HepG2_ChIP-seq_shSetD2_input_rep2.fastq
Approx 55% complete for HepG2_ChIP-seq_shSetD2_input_rep2.fastq
Approx 60% complete for HepG2_ChIP-seq_shSetD2_input_rep2.fastq
Approx 65% complete for HepG2_ChIP-seq_shSetD2_input_rep2.fastq
Approx 70% complete for HepG2_ChIP-seq_shSetD2_input_rep2.fastq
Approx 75% complete for HepG2_ChIP-seq_shSetD2_input_rep2.fastq
Approx 80% complete for HepG2_ChIP-seq_shSetD2_input_rep2.fastq
Approx 85% complete for HepG2_ChIP-seq_shSetD2_input_rep2.fastq
Approx 90% complete for HepG2_ChIP-seq_shSetD2_input_rep2.fastq
Approx 95% complete for HepG2_ChIP-seq_shSetD2_input_rep2.fastq
Analysis complete for HepG2_ChIP-seq_shSetD2_input_rep2.fastq
Started analysis of HepG2_ChIP-seq_shCont_input_rep2.fastq
Approx 5% complete for HepG2_ChIP-seq_shCont_input_rep2.fastq
Approx 10% complete for HepG2_ChIP-seq_shCont_input_rep2.fastq
Approx 15% complete for HepG2_ChIP-seq_shCont_input_rep2.fastq
Approx 20% complete for HepG2_ChIP-seq_shCont_input_rep2.fastq
Approx 25% complete for HepG2_ChIP-seq_shCont_input_rep2.fastq
Approx 30% complete for HepG2_ChIP-seq_shCont_input_rep2.fastq
Approx 35% complete for HepG2_ChIP-seq_shCont_input_rep2.fastq
Approx 40% complete for HepG2_ChIP-seq_shCont_input_rep2.fastq
Approx 45% complete for HepG2_ChIP-seq_shCont_input_rep2.fastq
Approx 50% complete for HepG2_ChIP-seq_shCont_input_rep2.fastq
Approx 55% complete for HepG2_ChIP-seq_shCont_input_rep2.fastq
Approx 60% complete for HepG2_ChIP-seq_shCont_input_rep2.fastq
Approx 65% complete for HepG2_ChIP-seq_shCont_input_rep2.fastq
Approx 70% complete for HepG2_ChIP-seq_shCont_input_rep2.fastq
Approx 75% complete for HepG2_ChIP-seq_shCont_input_rep2.fastq
Approx 80% complete for HepG2_ChIP-seq_shCont_input_rep2.fastq
Approx 85% complete for HepG2_ChIP-seq_shCont_input_rep2.fastq
Approx 90% complete for HepG2_ChIP-seq_shCont_input_rep2.fastq
Approx 95% complete for HepG2_ChIP-seq_shCont_input_rep2.fastq
Analysis complete for HepG2_ChIP-seq_shCont_input_rep2.fastq
Started analysis of HepG2_ChIP-seq_shCont_IP_rep2.fastq
Approx 5% complete for HepG2_ChIP-seq_shCont_IP_rep2.fastq
Approx 10% complete for HepG2_ChIP-seq_shCont_IP_rep2.fastq
Approx 15% complete for HepG2_ChIP-seq_shCont_IP_rep2.fastq
Approx 20% complete for HepG2_ChIP-seq_shCont_IP_rep2.fastq
Approx 25% complete for HepG2_ChIP-seq_shCont_IP_rep2.fastq
Approx 30% complete for HepG2_ChIP-seq_shCont_IP_rep2.fastq
Approx 35% complete for HepG2_ChIP-seq_shCont_IP_rep2.fastq
Approx 40% complete for HepG2_ChIP-seq_shCont_IP_rep2.fastq
Approx 45% complete for HepG2_ChIP-seq_shCont_IP_rep2.fastq
Approx 50% complete for HepG2_ChIP-seq_shCont_IP_rep2.fastq
Approx 55% complete for HepG2_ChIP-seq_shCont_IP_rep2.fastq
Approx 60% complete for HepG2_ChIP-seq_shCont_IP_rep2.fastq
Approx 65% complete for HepG2_ChIP-seq_shCont_IP_rep2.fastq
Approx 70% complete for HepG2_ChIP-seq_shCont_IP_rep2.fastq
Approx 75% complete for HepG2_ChIP-seq_shCont_IP_rep2.fastq
Approx 80% complete for HepG2_ChIP-seq_shCont_IP_rep2.fastq
Approx 85% complete for HepG2_ChIP-seq_shCont_IP_rep2.fastq
Approx 90% complete for HepG2_ChIP-seq_shCont_IP_rep2.fastq
Approx 95% complete for HepG2_ChIP-seq_shCont_IP_rep2.fastq
Analysis complete for HepG2_ChIP-seq_shCont_IP_rep2.fastq
Started analysis of HepG2_ChIP-seq_shM3_IP_rep1.fastq
Approx 5% complete for HepG2_ChIP-seq_shM3_IP_rep1.fastq
Approx 10% complete for HepG2_ChIP-seq_shM3_IP_rep1.fastq
Approx 15% complete for HepG2_ChIP-seq_shM3_IP_rep1.fastq
Approx 20% complete for HepG2_ChIP-seq_shM3_IP_rep1.fastq
Approx 25% complete for HepG2_ChIP-seq_shM3_IP_rep1.fastq
Approx 30% complete for HepG2_ChIP-seq_shM3_IP_rep1.fastq
Approx 35% complete for HepG2_ChIP-seq_shM3_IP_rep1.fastq
Approx 40% complete for HepG2_ChIP-seq_shM3_IP_rep1.fastq
Approx 45% complete for HepG2_ChIP-seq_shM3_IP_rep1.fastq
Approx 50% complete for HepG2_ChIP-seq_shM3_IP_rep1.fastq
Approx 55% complete for HepG2_ChIP-seq_shM3_IP_rep1.fastq
Approx 60% complete for HepG2_ChIP-seq_shM3_IP_rep1.fastq
Approx 65% complete for HepG2_ChIP-seq_shM3_IP_rep1.fastq
Approx 70% complete for HepG2_ChIP-seq_shM3_IP_rep1.fastq
Approx 75% complete for HepG2_ChIP-seq_shM3_IP_rep1.fastq
Approx 80% complete for HepG2_ChIP-seq_shM3_IP_rep1.fastq
Approx 85% complete for HepG2_ChIP-seq_shM3_IP_rep1.fastq
Approx 90% complete for HepG2_ChIP-seq_shM3_IP_rep1.fastq
Approx 95% complete for HepG2_ChIP-seq_shM3_IP_rep1.fastq
Analysis complete for HepG2_ChIP-seq_shM3_IP_rep1.fastq
Started analysis of HepG2_ChIP-seq_shSetD2_IP_rep2.fastq
Approx 5% complete for HepG2_ChIP-seq_shSetD2_IP_rep2.fastq
Approx 10% complete for HepG2_ChIP-seq_shSetD2_IP_rep2.fastq
Approx 15% complete for HepG2_ChIP-seq_shSetD2_IP_rep2.fastq
Approx 20% complete for HepG2_ChIP-seq_shSetD2_IP_rep2.fastq
Approx 25% complete for HepG2_ChIP-seq_shSetD2_IP_rep2.fastq
Approx 30% complete for HepG2_ChIP-seq_shSetD2_IP_rep2.fastq
Approx 35% complete for HepG2_ChIP-seq_shSetD2_IP_rep2.fastq
Approx 40% complete for HepG2_ChIP-seq_shSetD2_IP_rep2.fastq
Approx 45% complete for HepG2_ChIP-seq_shSetD2_IP_rep2.fastq
Approx 50% complete for HepG2_ChIP-seq_shSetD2_IP_rep2.fastq
Approx 55% complete for HepG2_ChIP-seq_shSetD2_IP_rep2.fastq
Approx 60% complete for HepG2_ChIP-seq_shSetD2_IP_rep2.fastq
Approx 65% complete for HepG2_ChIP-seq_shSetD2_IP_rep2.fastq
Approx 70% complete for HepG2_ChIP-seq_shSetD2_IP_rep2.fastq
Approx 75% complete for HepG2_ChIP-seq_shSetD2_IP_rep2.fastq
Approx 80% complete for HepG2_ChIP-seq_shSetD2_IP_rep2.fastq
Approx 85% complete for HepG2_ChIP-seq_shSetD2_IP_rep2.fastq
Approx 90% complete for HepG2_ChIP-seq_shSetD2_IP_rep2.fastq
Approx 95% complete for HepG2_ChIP-seq_shSetD2_IP_rep2.fastq
Analysis complete for HepG2_ChIP-seq_shSetD2_IP_rep2.fastq
Started analysis of HepG2_ChIP-seq_shCont_IP_rep1.fastq
Approx 5% complete for HepG2_ChIP-seq_shCont_IP_rep1.fastq
Approx 10% complete for HepG2_ChIP-seq_shCont_IP_rep1.fastq
Approx 15% complete for HepG2_ChIP-seq_shCont_IP_rep1.fastq
Approx 20% complete for HepG2_ChIP-seq_shCont_IP_rep1.fastq
Approx 25% complete for HepG2_ChIP-seq_shCont_IP_rep1.fastq
Approx 30% complete for HepG2_ChIP-seq_shCont_IP_rep1.fastq
Approx 35% complete for HepG2_ChIP-seq_shCont_IP_rep1.fastq
Approx 40% complete for HepG2_ChIP-seq_shCont_IP_rep1.fastq
Approx 45% complete for HepG2_ChIP-seq_shCont_IP_rep1.fastq
Approx 50% complete for HepG2_ChIP-seq_shCont_IP_rep1.fastq
Approx 55% complete for HepG2_ChIP-seq_shCont_IP_rep1.fastq
Approx 60% complete for HepG2_ChIP-seq_shCont_IP_rep1.fastq
Approx 65% complete for HepG2_ChIP-seq_shCont_IP_rep1.fastq
Approx 70% complete for HepG2_ChIP-seq_shCont_IP_rep1.fastq
Approx 75% complete for HepG2_ChIP-seq_shCont_IP_rep1.fastq
Approx 80% complete for HepG2_ChIP-seq_shCont_IP_rep1.fastq
Approx 85% complete for HepG2_ChIP-seq_shCont_IP_rep1.fastq
Approx 90% complete for HepG2_ChIP-seq_shCont_IP_rep1.fastq
Approx 95% complete for HepG2_ChIP-seq_shCont_IP_rep1.fastq
Analysis complete for HepG2_ChIP-seq_shCont_IP_rep1.fastq
Started analysis of HepG2_ChIP-seq_shWTAP_input_rep1.fastq
Approx 5% complete for HepG2_ChIP-seq_shWTAP_input_rep1.fastq
Approx 10% complete for HepG2_ChIP-seq_shWTAP_input_rep1.fastq
Approx 15% complete for HepG2_ChIP-seq_shWTAP_input_rep1.fastq
Approx 20% complete for HepG2_ChIP-seq_shWTAP_input_rep1.fastq
Approx 25% complete for HepG2_ChIP-seq_shWTAP_input_rep1.fastq
Approx 30% complete for HepG2_ChIP-seq_shWTAP_input_rep1.fastq
Approx 35% complete for HepG2_ChIP-seq_shWTAP_input_rep1.fastq
Approx 40% complete for HepG2_ChIP-seq_shWTAP_input_rep1.fastq
Approx 45% complete for HepG2_ChIP-seq_shWTAP_input_rep1.fastq
Approx 50% complete for HepG2_ChIP-seq_shWTAP_input_rep1.fastq
Approx 55% complete for HepG2_ChIP-seq_shWTAP_input_rep1.fastq
Approx 60% complete for HepG2_ChIP-seq_shWTAP_input_rep1.fastq
Approx 65% complete for HepG2_ChIP-seq_shWTAP_input_rep1.fastq
Approx 70% complete for HepG2_ChIP-seq_shWTAP_input_rep1.fastq
Approx 75% complete for HepG2_ChIP-seq_shWTAP_input_rep1.fastq
Approx 80% complete for HepG2_ChIP-seq_shWTAP_input_rep1.fastq
Approx 85% complete for HepG2_ChIP-seq_shWTAP_input_rep1.fastq
Approx 90% complete for HepG2_ChIP-seq_shWTAP_input_rep1.fastq
Approx 95% complete for HepG2_ChIP-seq_shWTAP_input_rep1.fastq
Analysis complete for HepG2_ChIP-seq_shWTAP_input_rep1.fastq
Started analysis of HepG2_ChIP-seq_shM14_input_rep1.fastq
Approx 5% complete for HepG2_ChIP-seq_shM14_input_rep1.fastq
Approx 10% complete for HepG2_ChIP-seq_shM14_input_rep1.fastq
Approx 15% complete for HepG2_ChIP-seq_shM14_input_rep1.fastq
Approx 20% complete for HepG2_ChIP-seq_shM14_input_rep1.fastq
Approx 25% complete for HepG2_ChIP-seq_shM14_input_rep1.fastq
Approx 30% complete for HepG2_ChIP-seq_shM14_input_rep1.fastq
Approx 35% complete for HepG2_ChIP-seq_shM14_input_rep1.fastq
Approx 40% complete for HepG2_ChIP-seq_shM14_input_rep1.fastq
Approx 45% complete for HepG2_ChIP-seq_shM14_input_rep1.fastq
Approx 50% complete for HepG2_ChIP-seq_shM14_input_rep1.fastq
Approx 55% complete for HepG2_ChIP-seq_shM14_input_rep1.fastq
Approx 60% complete for HepG2_ChIP-seq_shM14_input_rep1.fastq
Approx 65% complete for HepG2_ChIP-seq_shM14_input_rep1.fastq
Approx 70% complete for HepG2_ChIP-seq_shM14_input_rep1.fastq
Approx 75% complete for HepG2_ChIP-seq_shM14_input_rep1.fastq
Approx 80% complete for HepG2_ChIP-seq_shM14_input_rep1.fastq
Approx 85% complete for HepG2_ChIP-seq_shM14_input_rep1.fastq
Approx 90% complete for HepG2_ChIP-seq_shM14_input_rep1.fastq
Approx 95% complete for HepG2_ChIP-seq_shM14_input_rep1.fastq
Analysis complete for HepG2_ChIP-seq_shM14_input_rep1.fastq
Started analysis of HepG2_ChIP-seq_shM3_input_rep1.fastq
Approx 5% complete for HepG2_ChIP-seq_shM3_input_rep1.fastq
Approx 10% complete for HepG2_ChIP-seq_shM3_input_rep1.fastq
Approx 15% complete for HepG2_ChIP-seq_shM3_input_rep1.fastq
Approx 20% complete for HepG2_ChIP-seq_shM3_input_rep1.fastq
Approx 25% complete for HepG2_ChIP-seq_shM3_input_rep1.fastq
Approx 30% complete for HepG2_ChIP-seq_shM3_input_rep1.fastq
Approx 35% complete for HepG2_ChIP-seq_shM3_input_rep1.fastq
Approx 40% complete for HepG2_ChIP-seq_shM3_input_rep1.fastq
Approx 45% complete for HepG2_ChIP-seq_shM3_input_rep1.fastq
Approx 50% complete for HepG2_ChIP-seq_shM3_input_rep1.fastq
Approx 55% complete for HepG2_ChIP-seq_shM3_input_rep1.fastq
Approx 60% complete for HepG2_ChIP-seq_shM3_input_rep1.fastq
Approx 65% complete for HepG2_ChIP-seq_shM3_input_rep1.fastq
Approx 70% complete for HepG2_ChIP-seq_shM3_input_rep1.fastq
Approx 75% complete for HepG2_ChIP-seq_shM3_input_rep1.fastq
Approx 80% complete for HepG2_ChIP-seq_shM3_input_rep1.fastq
Approx 85% complete for HepG2_ChIP-seq_shM3_input_rep1.fastq
Approx 90% complete for HepG2_ChIP-seq_shM3_input_rep1.fastq
Approx 95% complete for HepG2_ChIP-seq_shM3_input_rep1.fastq
Analysis complete for HepG2_ChIP-seq_shM3_input_rep1.fastq
Started analysis of HepG2_ChIP-seq_shSetD2_input_rep1.fastq
Approx 5% complete for HepG2_ChIP-seq_shSetD2_input_rep1.fastq
Approx 10% complete for HepG2_ChIP-seq_shSetD2_input_rep1.fastq
Approx 15% complete for HepG2_ChIP-seq_shSetD2_input_rep1.fastq
Approx 20% complete for HepG2_ChIP-seq_shSetD2_input_rep1.fastq
Approx 25% complete for HepG2_ChIP-seq_shSetD2_input_rep1.fastq
Approx 30% complete for HepG2_ChIP-seq_shSetD2_input_rep1.fastq
Approx 35% complete for HepG2_ChIP-seq_shSetD2_input_rep1.fastq
Approx 40% complete for HepG2_ChIP-seq_shSetD2_input_rep1.fastq
Approx 45% complete for HepG2_ChIP-seq_shSetD2_input_rep1.fastq
Approx 50% complete for HepG2_ChIP-seq_shSetD2_input_rep1.fastq
Approx 55% complete for HepG2_ChIP-seq_shSetD2_input_rep1.fastq
Approx 60% complete for HepG2_ChIP-seq_shSetD2_input_rep1.fastq
Approx 65% complete for HepG2_ChIP-seq_shSetD2_input_rep1.fastq
Approx 70% complete for HepG2_ChIP-seq_shSetD2_input_rep1.fastq
Approx 75% complete for HepG2_ChIP-seq_shSetD2_input_rep1.fastq
Approx 80% complete for HepG2_ChIP-seq_shSetD2_input_rep1.fastq
Approx 85% complete for HepG2_ChIP-seq_shSetD2_input_rep1.fastq
Approx 90% complete for HepG2_ChIP-seq_shSetD2_input_rep1.fastq
Approx 95% complete for HepG2_ChIP-seq_shSetD2_input_rep1.fastq
Analysis complete for HepG2_ChIP-seq_shSetD2_input_rep1.fastq
Started analysis of HepG2_ChIP-seq_shWTAP_IP_rep1.fastq
Approx 5% complete for HepG2_ChIP-seq_shWTAP_IP_rep1.fastq
Approx 10% complete for HepG2_ChIP-seq_shWTAP_IP_rep1.fastq
Approx 15% complete for HepG2_ChIP-seq_shWTAP_IP_rep1.fastq
Approx 20% complete for HepG2_ChIP-seq_shWTAP_IP_rep1.fastq
Approx 25% complete for HepG2_ChIP-seq_shWTAP_IP_rep1.fastq
Approx 30% complete for HepG2_ChIP-seq_shWTAP_IP_rep1.fastq
Approx 35% complete for HepG2_ChIP-seq_shWTAP_IP_rep1.fastq
Approx 40% complete for HepG2_ChIP-seq_shWTAP_IP_rep1.fastq
Approx 45% complete for HepG2_ChIP-seq_shWTAP_IP_rep1.fastq
Approx 50% complete for HepG2_ChIP-seq_shWTAP_IP_rep1.fastq
Approx 55% complete for HepG2_ChIP-seq_shWTAP_IP_rep1.fastq
Approx 60% complete for HepG2_ChIP-seq_shWTAP_IP_rep1.fastq
Approx 65% complete for HepG2_ChIP-seq_shWTAP_IP_rep1.fastq
Approx 70% complete for HepG2_ChIP-seq_shWTAP_IP_rep1.fastq
Approx 75% complete for HepG2_ChIP-seq_shWTAP_IP_rep1.fastq
Approx 80% complete for HepG2_ChIP-seq_shWTAP_IP_rep1.fastq
Approx 85% complete for HepG2_ChIP-seq_shWTAP_IP_rep1.fastq
Approx 90% complete for HepG2_ChIP-seq_shWTAP_IP_rep1.fastq
Approx 95% complete for HepG2_ChIP-seq_shWTAP_IP_rep1.fastq
Analysis complete for HepG2_ChIP-seq_shWTAP_IP_rep1.fastq
Started analysis of HepG2_ChIP-seq_shSetD2_IP_rep1.fastq
Approx 5% complete for HepG2_ChIP-seq_shSetD2_IP_rep1.fastq
Approx 10% complete for HepG2_ChIP-seq_shSetD2_IP_rep1.fastq
Approx 15% complete for HepG2_ChIP-seq_shSetD2_IP_rep1.fastq
Approx 20% complete for HepG2_ChIP-seq_shSetD2_IP_rep1.fastq
Approx 25% complete for HepG2_ChIP-seq_shSetD2_IP_rep1.fastq
Approx 30% complete for HepG2_ChIP-seq_shSetD2_IP_rep1.fastq
Approx 35% complete for HepG2_ChIP-seq_shSetD2_IP_rep1.fastq
Approx 40% complete for HepG2_ChIP-seq_shSetD2_IP_rep1.fastq
Approx 45% complete for HepG2_ChIP-seq_shSetD2_IP_rep1.fastq
Approx 50% complete for HepG2_ChIP-seq_shSetD2_IP_rep1.fastq
Approx 55% complete for HepG2_ChIP-seq_shSetD2_IP_rep1.fastq
Approx 60% complete for HepG2_ChIP-seq_shSetD2_IP_rep1.fastq
Approx 65% complete for HepG2_ChIP-seq_shSetD2_IP_rep1.fastq
Approx 70% complete for HepG2_ChIP-seq_shSetD2_IP_rep1.fastq
Approx 75% complete for HepG2_ChIP-seq_shSetD2_IP_rep1.fastq
Approx 80% complete for HepG2_ChIP-seq_shSetD2_IP_rep1.fastq
Approx 85% complete for HepG2_ChIP-seq_shSetD2_IP_rep1.fastq
Approx 90% complete for HepG2_ChIP-seq_shSetD2_IP_rep1.fastq
Approx 95% complete for HepG2_ChIP-seq_shSetD2_IP_rep1.fastq
Analysis complete for HepG2_ChIP-seq_shSetD2_IP_rep1.fastq
Started analysis of HepG2_ChIP-seq_shCont_input_rep1.fastq
Approx 5% complete for HepG2_ChIP-seq_shCont_input_rep1.fastq
Approx 10% complete for HepG2_ChIP-seq_shCont_input_rep1.fastq
Approx 15% complete for HepG2_ChIP-seq_shCont_input_rep1.fastq
Approx 20% complete for HepG2_ChIP-seq_shCont_input_rep1.fastq
Approx 25% complete for HepG2_ChIP-seq_shCont_input_rep1.fastq
Approx 30% complete for HepG2_ChIP-seq_shCont_input_rep1.fastq
Approx 35% complete for HepG2_ChIP-seq_shCont_input_rep1.fastq
Approx 40% complete for HepG2_ChIP-seq_shCont_input_rep1.fastq
Approx 45% complete for HepG2_ChIP-seq_shCont_input_rep1.fastq
Approx 50% complete for HepG2_ChIP-seq_shCont_input_rep1.fastq
Approx 55% complete for HepG2_ChIP-seq_shCont_input_rep1.fastq
Approx 60% complete for HepG2_ChIP-seq_shCont_input_rep1.fastq
Approx 65% complete for HepG2_ChIP-seq_shCont_input_rep1.fastq
Approx 70% complete for HepG2_ChIP-seq_shCont_input_rep1.fastq
Approx 75% complete for HepG2_ChIP-seq_shCont_input_rep1.fastq
Approx 80% complete for HepG2_ChIP-seq_shCont_input_rep1.fastq
Approx 85% complete for HepG2_ChIP-seq_shCont_input_rep1.fastq
Approx 90% complete for HepG2_ChIP-seq_shCont_input_rep1.fastq
Approx 95% complete for HepG2_ChIP-seq_shCont_input_rep1.fastq
Analysis complete for HepG2_ChIP-seq_shCont_input_rep1.fastq
